<?xml version="1.0" encoding="UTF-8"?>
<testng-results skipped="0" failed="0" ignored="0" total="1" passed="1">
  <reporter-output>
  </reporter-output>
  <suite name="com.automate.api.apiTest" duration-ms="2340" started-at="2019-07-17T08:01:48Z" finished-at="2019-07-17T08:01:51Z">
    <groups>
    </groups>
    <test name="Command line test" duration-ms="2340" started-at="2019-07-17T08:01:48Z" finished-at="2019-07-17T08:01:51Z">
      <class name="com.automate.api.apiTest">
        <test-method status="PASS" signature="testStatusCode()[pri:0, instance:com.automate.api.apiTest@7a5d012c]" name="testStatusCode" duration-ms="2321" started-at="2019-07-17T08:01:48Z" finished-at="2019-07-17T08:01:51Z">
          <reporter-output>
          </reporter-output>
        </test-method> <!-- testStatusCode -->
      </class> <!-- com.automate.api.apiTest -->
    </test> <!-- Command line test -->
  </suite> <!-- com.automate.api.apiTest -->
</testng-results>
