<?xml version="1.0" encoding="UTF-8"?>
<testng-results skipped="0" failed="0" ignored="0" total="1" passed="1">
  <reporter-output>
  </reporter-output>
  <suite name="Default suite" duration-ms="3157" started-at="2019-07-18T10:19:22Z" finished-at="2019-07-18T10:19:25Z">
    <groups>
    </groups>
    <test name="Default test" duration-ms="3157" started-at="2019-07-18T10:19:22Z" finished-at="2019-07-18T10:19:25Z">
      <class name="com.automate.api.apiTest">
        <test-method status="PASS" signature="extractresponse()[pri:0, instance:com.automate.api.apiTest@27efef64]" name="extractresponse" duration-ms="3128" started-at="2019-07-18T10:19:22Z" finished-at="2019-07-18T10:19:25Z">
          <reporter-output>
          </reporter-output>
        </test-method> <!-- extractresponse -->
      </class> <!-- com.automate.api.apiTest -->
    </test> <!-- Default test -->
  </suite> <!-- Default suite -->
</testng-results>
